<?xml version="1.0" encoding="UTF-8"?>
<!-- Generated by org.testng.reporters.JUnitXMLReporter -->
<testsuite ignored="0" hostname="Victus_16" failures="0" tests="26" name="Surefire test" time="209.641" errors="0" timestamp="2025-09-09T09:21:57 IST">
  <testcase classname="io.cucumber.testng.AbstractTestNGCucumberTests" name="runScenario" time="8.661"/>
  <testcase classname="io.cucumber.testng.AbstractTestNGCucumberTests" name="runScenario" time="2.335"/>
  <testcase classname="tests.CartTest" name="testLoginAndOpenCart" time="10.41"/>
  <testcase classname="tests.CartTest" name="testAddItemAndAssertQuantity" time="5.326"/>
  <testcase classname="tests.CartTest" name="testProceedToCheckout" time="5.859"/>
  <testcase classname="tests.CheckoutFlowTest" name="testLogin" time="9.698"/>
  <testcase classname="tests.CheckoutFlowTest" name="testAddToCart" time="5.595"/>
  <testcase classname="tests.CheckoutFlowTest" name="testProceedToCheckout" time="5.851"/>
  <testcase classname="tests.CheckoutFlowTest" name="testFillAddressAndSubmit" time="5.836"/>
  <testcase classname="tests.CheckoutFlowTest" name="testOrderConfirmationAndReceipt" time="5.181"/>
  <testcase classname="tests.FavoritesTest" name="testAddFavorite" time="9.167"/>
  <testcase classname="tests.FavoritesTest" name="testOpenFavouritesAndAssert" time="3.352"/>
  <testcase classname="tests.HomePageTest" name="shouldLoadCatalogAndListProducts" time="11.994"/>
  <testcase classname="tests.HomePageTest" name="shouldAddFirstProductToCart" time="5.361"/>
  <testcase classname="tests.HomePageTest" name="shouldSelectAndClearEachVendorInOnePass" time="22.084"/>
  <testcase classname="tests.HomePageTest" name="shouldSortCatalogAndCaptureShots" time="4.541"/>
  <testcase classname="tests.IntegrationFlowTest" name="endToEndUserJourney" time="10.92"/>
  <testcase classname="tests.LoginTest" name="openLoginPage" time="2.312"/>
  <testcase classname="tests.LoginTest" name="emptyPassword" time="1.192"/>
  <testcase classname="tests.LoginTest" name="emptyUsername" time="1.137"/>
  <testcase classname="tests.LoginTest" name="invalidPassword" time="1.393"/>
  <testcase classname="tests.LoginTest" name="validLogin" time="2.36"/>
  <testcase classname="tests.OffersPageTest" name="shouldShowNoPromotionalOffersMessage" time="16.645"/>
  <testcase classname="tests.OrderConfirmationTest" name="addItemOpenCartAndAssertQty" time="10.153"/>
  <testcase classname="tests.OrderConfirmationTest" name="proceedToCheckoutAndFillAddress" time="6.53"/>
  <testcase classname="tests.OrderConfirmationTest" name="assertConfirmationAndDownloadReceipt" time="0.433"/>
</testsuite> <!-- Surefire test -->
