<?xml version="1.0" encoding="UTF-8"?>
<!-- Generated by org.testng.reporters.JUnitXMLReporter -->
<testsuite ignored="0" hostname="Victus_16" failures="0" tests="26" name="Surefire test" time="197.986" errors="0" timestamp="2025-09-09T09:07:52 IST">
  <testcase classname="io.cucumber.testng.AbstractTestNGCucumberTests" name="runScenario" time="2.64"/>
  <testcase classname="io.cucumber.testng.AbstractTestNGCucumberTests" name="runScenario" time="2.381"/>
  <testcase classname="tests.CartTest" name="testLoginAndOpenCart" time="9.932"/>
  <testcase classname="tests.CartTest" name="testAddItemAndAssertQuantity" time="5.334"/>
  <testcase classname="tests.CartTest" name="testProceedToCheckout" time="5.857"/>
  <testcase classname="tests.CheckoutFlowTest" name="testLogin" time="9.197"/>
  <testcase classname="tests.CheckoutFlowTest" name="testAddToCart" time="5.545"/>
  <testcase classname="tests.CheckoutFlowTest" name="testProceedToCheckout" time="5.868"/>
  <testcase classname="tests.CheckoutFlowTest" name="testFillAddressAndSubmit" time="5.93"/>
  <testcase classname="tests.CheckoutFlowTest" name="testOrderConfirmationAndReceipt" time="5.192"/>
  <testcase classname="tests.FavoritesTest" name="testAddFavorite" time="10.891"/>
  <testcase classname="tests.FavoritesTest" name="testOpenFavouritesAndAssert" time="3.393"/>
  <testcase classname="tests.HomePageTest" name="shouldLoadCatalogAndListProducts" time="10.639"/>
  <testcase classname="tests.HomePageTest" name="shouldAddFirstProductToCart" time="5.502"/>
  <testcase classname="tests.HomePageTest" name="shouldSelectAndClearEachVendorInOnePass" time="22.195"/>
  <testcase classname="tests.HomePageTest" name="shouldSortCatalogAndCaptureShots" time="4.516"/>
  <testcase classname="tests.IntegrationFlowTest" name="endToEndUserJourney" time="7.648"/>
  <testcase classname="tests.LoginTest" name="openLoginPage" time="2.511"/>
  <testcase classname="tests.LoginTest" name="emptyPassword" time="1.131"/>
  <testcase classname="tests.LoginTest" name="emptyUsername" time="1.101"/>
  <testcase classname="tests.LoginTest" name="invalidPassword" time="1.219"/>
  <testcase classname="tests.LoginTest" name="validLogin" time="2.026"/>
  <testcase classname="tests.OffersPageTest" name="shouldShowNoPromotionalOffersMessage" time="7.472"/>
  <testcase classname="tests.OrderConfirmationTest" name="addItemOpenCartAndAssertQty" time="13.319"/>
  <testcase classname="tests.OrderConfirmationTest" name="proceedToCheckoutAndFillAddress" time="6.571"/>
  <testcase classname="tests.OrderConfirmationTest" name="assertConfirmationAndDownloadReceipt" time="0.409"/>
</testsuite> <!-- Surefire test -->
