<?xml version="1.0" encoding="UTF-8"?>
<!-- Generated by org.testng.reporters.JUnitXMLReporter -->
<testsuite ignored="0" hostname="Victus_16" failures="0" tests="26" name="All Tests" time="160.201" errors="0" timestamp="2025-09-08T10:39:09 IST">
  <testcase classname="tests.CartTest" name="testLoginAndOpenCart" time="9.881"/>
  <testcase classname="tests.CartTest" name="testAddItemAndAssertQuantity" time="5.326"/>
  <testcase classname="tests.CartTest" name="testProceedToCheckout" time="5.77"/>
  <testcase classname="tests.CheckoutFlowTest" name="testLogin" time="9.895"/>
  <testcase classname="tests.CheckoutFlowTest" name="testAddToCart" time="5.87"/>
  <testcase classname="tests.CheckoutFlowTest" name="testProceedToCheckout" time="5.757"/>
  <testcase classname="tests.CheckoutFlowTest" name="testFillAddressAndSubmit" time="5.744"/>
  <testcase classname="tests.CheckoutFlowTest" name="testOrderConfirmationAndReceipt" time="5.145"/>
  <testcase classname="tests.FavoritesTest" name="testAddFavorite" time="14.342"/>
  <testcase classname="tests.FavoritesTest" name="testOpenFavouritesAndAssert" time="3.29"/>
  <testcase classname="tests.HomePageTest" name="shouldLoadCatalogAndListProducts" time="6.539"/>
  <testcase classname="tests.HomePageTest" name="shouldAddFirstProductToCart" time="5.272"/>
  <testcase classname="tests.HomePageTest" name="shouldSelectAndClearEachVendorInOnePass" time="21.936"/>
  <testcase classname="tests.HomePageTest" name="shouldSortCatalogAndCaptureShots" time="4.489"/>
  <testcase classname="tests.IntegrationFlowTest" name="endToEndUserJourney" time="7.075"/>
  <testcase classname="tests.LoginTest" name="openLoginPage" time="2.296"/>
  <testcase classname="tests.LoginTest" name="emptyPassword" time="0.818"/>
  <testcase classname="tests.LoginTest" name="emptyUsername" time="0.8"/>
  <testcase classname="tests.LoginTest" name="invalidPassword" time="0.831"/>
  <testcase classname="tests.LoginTest" name="validLogin" time="1.765"/>
  <testcase classname="tests.OffersPageTest" name="shouldShowNoPromotionalOffersMessage" time="5.4"/>
  <testcase classname="tests.OrderConfirmationTest" name="addItemOpenCartAndAssertQty" time="9.412"/>
  <testcase classname="tests.OrderConfirmationTest" name="proceedToCheckoutAndFillAddress" time="5.994"/>
  <testcase classname="tests.OrderConfirmationTest" name="assertConfirmationAndDownloadReceipt" time="0.325"/>
  <testcase classname="io.cucumber.testng.AbstractTestNGCucumberTests" name="runScenario" time="2.062"/>
  <testcase classname="io.cucumber.testng.AbstractTestNGCucumberTests" name="runScenario" time="1.535"/>
</testsuite> <!-- All Tests -->
