<?xml version="1.0" encoding="UTF-8"?>
<!-- Generated by org.testng.reporters.JUnitXMLReporter -->
<testsuite ignored="0" hostname="Victus_16" failures="0" tests="25" name="All Tests (Single Browser)" time="185.063" errors="0" timestamp="2025-09-09T09:13:10 IST">
  <testcase classname="tests.CartTest" name="testLoginAndOpenCart" time="9.559"/>
  <testcase classname="tests.CartTest" name="testAddItemAndAssertQuantity" time="5.582"/>
  <testcase classname="tests.CartTest" name="testProceedToCheckout" time="6.031"/>
  <testcase classname="tests.CheckoutFlowTest" name="testLogin" time="9.676"/>
  <testcase classname="tests.CheckoutFlowTest" name="testAddToCart" time="6.273"/>
  <testcase classname="tests.CheckoutFlowTest" name="testProceedToCheckout" time="5.965"/>
  <testcase classname="tests.CheckoutFlowTest" name="testFillAddressAndSubmit" time="6.099"/>
  <testcase classname="tests.CheckoutFlowTest" name="testOrderConfirmationAndReceipt" time="5.303"/>
  <testcase classname="tests.FavoritesTest" name="testAddFavorite" time="9.53"/>
  <testcase classname="tests.FavoritesTest" name="testOpenFavouritesAndAssert" time="3.454"/>
  <testcase classname="tests.HomePageTest" name="shouldLoadCatalogAndListProducts" time="7.673"/>
  <testcase classname="tests.HomePageTest" name="shouldAddFirstProductToCart" time="5.532"/>
  <testcase classname="tests.HomePageTest" name="shouldSelectAndClearEachVendorInOnePass" time="23.695"/>
  <testcase classname="tests.HomePageTest" name="shouldSortCatalogAndCaptureShots" time="4.933"/>
  <testcase classname="tests.LoginTest" name="openLoginPage" time="3.208"/>
  <testcase classname="tests.LoginTest" name="emptyPassword" time="1.696"/>
  <testcase classname="tests.LoginTest" name="emptyUsername" time="1.199"/>
  <testcase classname="tests.LoginTest" name="invalidPassword" time="1.331"/>
  <testcase classname="tests.LoginTest" name="validLogin" time="3.893"/>
  <testcase classname="tests.OffersPageTest" name="shouldShowNoPromotionalOffersMessage" time="7.071"/>
  <testcase classname="tests.OrderConfirmationTest" name="addItemOpenCartAndAssertQty" time="12.634"/>
  <testcase classname="tests.OrderConfirmationTest" name="proceedToCheckoutAndFillAddress" time="6.803"/>
  <testcase classname="tests.OrderConfirmationTest" name="assertConfirmationAndDownloadReceipt" time="0.636"/>
  <testcase classname="io.cucumber.testng.AbstractTestNGCucumberTests" name="runScenario" time="9.009"/>
  <testcase classname="io.cucumber.testng.AbstractTestNGCucumberTests" name="runScenario" time="2.309"/>
</testsuite> <!-- All Tests (Single Browser) -->
