<?xml version="1.0" encoding="UTF-8"?>
<!-- Generated by org.testng.reporters.JUnitXMLReporter -->
<testsuite ignored="0" hostname="Victus_16" failures="0" tests="26" name="All Tests" time="159.098" errors="0" timestamp="2025-09-08T02:54:03 IST">
  <testcase classname="tests.CartTest" name="testLoginAndOpenCart" time="12.146"/>
  <testcase classname="tests.CartTest" name="testAddItemAndAssertQuantity" time="5.254"/>
  <testcase classname="tests.CartTest" name="testProceedToCheckout" time="5.697"/>
  <testcase classname="tests.CheckoutFlowTest" name="testLogin" time="8.572"/>
  <testcase classname="tests.CheckoutFlowTest" name="testAddToCart" time="5.856"/>
  <testcase classname="tests.CheckoutFlowTest" name="testProceedToCheckout" time="5.7"/>
  <testcase classname="tests.CheckoutFlowTest" name="testFillAddressAndSubmit" time="5.639"/>
  <testcase classname="tests.CheckoutFlowTest" name="testOrderConfirmationAndReceipt" time="5.174"/>
  <testcase classname="tests.FavoritesTest" name="testAddFavorite" time="8.694"/>
  <testcase classname="tests.FavoritesTest" name="testOpenFavouritesAndAssert" time="3.245"/>
  <testcase classname="tests.HomePageTest" name="shouldLoadCatalogAndListProducts" time="6.397"/>
  <testcase classname="tests.HomePageTest" name="shouldAddFirstProductToCart" time="5.286"/>
  <testcase classname="tests.HomePageTest" name="shouldSelectAndClearEachVendorInOnePass" time="21.82"/>
  <testcase classname="tests.HomePageTest" name="shouldSortCatalogAndCaptureShots" time="4.404"/>
  <testcase classname="tests.IntegrationFlowTest" name="endToEndUserJourney" time="7.182"/>
  <testcase classname="tests.LoginTest" name="openLoginPage" time="5.021"/>
  <testcase classname="tests.LoginTest" name="emptyPassword" time="0.82"/>
  <testcase classname="tests.LoginTest" name="emptyUsername" time="0.851"/>
  <testcase classname="tests.LoginTest" name="invalidPassword" time="0.906"/>
  <testcase classname="tests.LoginTest" name="validLogin" time="1.568"/>
  <testcase classname="tests.OffersPageTest" name="shouldShowNoPromotionalOffersMessage" time="6.429"/>
  <testcase classname="tests.OrderConfirmationTest" name="addItemOpenCartAndAssertQty" time="9.17"/>
  <testcase classname="tests.OrderConfirmationTest" name="proceedToCheckoutAndFillAddress" time="6.055"/>
  <testcase classname="tests.OrderConfirmationTest" name="assertConfirmationAndDownloadReceipt" time="0.286"/>
  <testcase classname="io.cucumber.testng.AbstractTestNGCucumberTests" name="runScenario" time="2.317"/>
  <testcase classname="io.cucumber.testng.AbstractTestNGCucumberTests" name="runScenario" time="1.497"/>
</testsuite> <!-- All Tests -->
