<?xml version="1.0" encoding="UTF-8"?>
<!-- Generated by org.testng.reporters.JUnitXMLReporter -->
<testsuite ignored="0" hostname="Victus_16" failures="0" tests="25" name="All Tests (Single Browser)" time="180.405" errors="0" timestamp="2025-09-08T14:20:48 IST">
  <testcase classname="tests.CartTest" name="testLoginAndOpenCart" time="29.811"/>
  <testcase classname="tests.CartTest" name="testAddItemAndAssertQuantity" time="5.261"/>
  <testcase classname="tests.CartTest" name="testProceedToCheckout" time="5.765"/>
  <testcase classname="tests.CheckoutFlowTest" name="testLogin" time="12.261"/>
  <testcase classname="tests.CheckoutFlowTest" name="testAddToCart" time="5.847"/>
  <testcase classname="tests.CheckoutFlowTest" name="testProceedToCheckout" time="6.271"/>
  <testcase classname="tests.CheckoutFlowTest" name="testFillAddressAndSubmit" time="5.528"/>
  <testcase classname="tests.CheckoutFlowTest" name="testOrderConfirmationAndReceipt" time="5.192"/>
  <testcase classname="tests.FavoritesTest" name="testAddFavorite" time="9.462"/>
  <testcase classname="tests.FavoritesTest" name="testOpenFavouritesAndAssert" time="3.276"/>
  <testcase classname="tests.HomePageTest" name="shouldLoadCatalogAndListProducts" time="8.874"/>
  <testcase classname="tests.HomePageTest" name="shouldAddFirstProductToCart" time="5.288"/>
  <testcase classname="tests.HomePageTest" name="shouldSelectAndClearEachVendorInOnePass" time="21.941"/>
  <testcase classname="tests.HomePageTest" name="shouldSortCatalogAndCaptureShots" time="4.516"/>
  <testcase classname="tests.LoginTest" name="openLoginPage" time="3.676"/>
  <testcase classname="tests.LoginTest" name="emptyPassword" time="0.86"/>
  <testcase classname="tests.LoginTest" name="emptyUsername" time="0.811"/>
  <testcase classname="tests.LoginTest" name="invalidPassword" time="0.847"/>
  <testcase classname="tests.LoginTest" name="validLogin" time="2.321"/>
  <testcase classname="tests.OffersPageTest" name="shouldShowNoPromotionalOffersMessage" time="10.283"/>
  <testcase classname="tests.OrderConfirmationTest" name="addItemOpenCartAndAssertQty" time="10.364"/>
  <testcase classname="tests.OrderConfirmationTest" name="proceedToCheckoutAndFillAddress" time="6.056"/>
  <testcase classname="tests.OrderConfirmationTest" name="assertConfirmationAndDownloadReceipt" time="0.671"/>
  <testcase classname="io.cucumber.testng.AbstractTestNGCucumberTests" name="runScenario" time="2.213"/>
  <testcase classname="io.cucumber.testng.AbstractTestNGCucumberTests" name="runScenario" time="1.714"/>
</testsuite> <!-- All Tests (Single Browser) -->
