<?xml version="1.0" encoding="UTF-8"?>
<testsuite xmlns:xsi="http://www.w3.org/2001/XMLSchema-instance" xsi:noNamespaceSchemaLocation="https://maven.apache.org/surefire/maven-surefire-plugin/xsd/surefire-test-report-3.0.xsd" version="3.0" name="TestSuite" time="190.525" tests="26" errors="0" skipped="0" failures="0">
  <properties>
[...]
</properties>
  <testcase name="runScenario[&quot;Open login page&quot;, &quot;Login (smoke)&quot;](1)" classname="runners.TestRunner" time="4.462">
    <system-out><![CDATA[
@smoke
Scenario: Open login page               # src/test/resources/features/login.feature:4
  Given the user opens the sign in page # stepdefinitions.LoginSteps.the_user_opens_the_sign_in_page()
  Then the login page is visible        # stepdefinitions.LoginSteps.the_login_page_is_visible()
]]></system-out>
    <system-err><![CDATA[Sept 08, 2025 5:15:30 PM org.openqa.selenium.manager.SeleniumManager lambda$runCommand$1
WARNING: The chromedriver version (139.0.7258.68) detected in PATH at E:\chromedriver-win64\chromedriver.exe might not be compatible with the detected chrome version (140.0.7339.80); currently, chromedriver 140.0.7339.80 is recommended for chrome 140.*, so it is advised to delete the driver in PATH and retry
Sept 08, 2025 5:15:31 PM org.openqa.selenium.devtools.CdpVersionFinder findNearestMatch
WARNING: Unable to find CDP implementation matching 140
Sept 08, 2025 5:15:31 PM org.openqa.selenium.chromium.ChromiumDriver lambda$new$5
WARNING: Unable to find version of CDP to use for 140.0.7339.80. You may need to include a dependency on a specific version of the CDP using something similar to `org.seleniumhq.selenium:selenium-devtools-v86:4.25.0` where the version ("v86") matches the version of the chromium-based browser you're using and the version number of the artifact is the same as Selenium's.
]]></system-err>
  </testcase>
  <testcase name="runScenario[&quot;Valid login&quot;, &quot;Login (smoke)&quot;](2)" classname="runners.TestRunner" time="1.787">
    <system-out><![CDATA[
@smoke
Scenario: Valid login                                                # src/test/resources/features/login.feature:9
  Given the user opens the sign in page                              # stepdefinitions.LoginSteps.the_user_opens_the_sign_in_page()
  When the user logs in as "demouser" with password "testingisfun99" # stepdefinitions.LoginSteps.the_user_logs_in_as_with_password(java.lang.String,java.lang.String)
  Then the app navigates to the home page                            # stepdefinitions.LoginSteps.the_app_navigates_to_the_home_page()
]]></system-out>
  </testcase>
  <testcase name="testLoginAndOpenCart" classname="tests.CartTest" time="12.725">
    <system-err><![CDATA[Sept 08, 2025 5:15:37 PM org.openqa.selenium.manager.SeleniumManager lambda$runCommand$1
WARNING: The chromedriver version (139.0.7258.68) detected in PATH at E:\chromedriver-win64\chromedriver.exe might not be compatible with the detected chrome version (140.0.7339.80); currently, chromedriver 140.0.7339.80 is recommended for chrome 140.*, so it is advised to delete the driver in PATH and retry
Sept 08, 2025 5:15:38 PM org.openqa.selenium.devtools.CdpVersionFinder findNearestMatch
WARNING: Unable to find CDP implementation matching 140
Sept 08, 2025 5:15:38 PM org.openqa.selenium.chromium.ChromiumDriver lambda$new$5
WARNING: Unable to find version of CDP to use for 140.0.7339.80. You may need to include a dependency on a specific version of the CDP using something similar to `org.seleniumhq.selenium:selenium-devtools-v86:4.25.0` where the version ("v86") matches the version of the chromium-based browser you're using and the version number of the artifact is the same as Selenium's.
]]></system-err>
  </testcase>
  <testcase name="testAddItemAndAssertQuantity" classname="tests.CartTest" time="5.155"/>
  <testcase name="testProceedToCheckout" classname="tests.CartTest" time="5.649"/>
  <testcase name="testLogin" classname="tests.CheckoutFlowTest" time="8.55">
    <system-err><![CDATA[Sept 08, 2025 5:16:02 PM org.openqa.selenium.manager.SeleniumManager lambda$runCommand$1
WARNING: The chromedriver version (139.0.7258.68) detected in PATH at E:\chromedriver-win64\chromedriver.exe might not be compatible with the detected chrome version (140.0.7339.80); currently, chromedriver 140.0.7339.80 is recommended for chrome 140.*, so it is advised to delete the driver in PATH and retry
Sept 08, 2025 5:16:03 PM org.openqa.selenium.devtools.CdpVersionFinder findNearestMatch
WARNING: Unable to find CDP implementation matching 140
Sept 08, 2025 5:16:03 PM org.openqa.selenium.chromium.ChromiumDriver lambda$new$5
WARNING: Unable to find version of CDP to use for 140.0.7339.80. You may need to include a dependency on a specific version of the CDP using something similar to `org.seleniumhq.selenium:selenium-devtools-v86:4.25.0` where the version ("v86") matches the version of the chromium-based browser you're using and the version number of the artifact is the same as Selenium's.
]]></system-err>
  </testcase>
  <testcase name="testAddToCart" classname="tests.CheckoutFlowTest" time="5.775"/>
  <testcase name="testProceedToCheckout" classname="tests.CheckoutFlowTest" time="5.675"/>
  <testcase name="testFillAddressAndSubmit" classname="tests.CheckoutFlowTest" time="5.365"/>
  <testcase name="testOrderConfirmationAndReceipt" classname="tests.CheckoutFlowTest" time="5.091"/>
  <testcase name="testAddFavorite" classname="tests.FavoritesTest" time="32.359">
    <system-err><![CDATA[Sept 08, 2025 5:16:34 PM org.openqa.selenium.manager.SeleniumManager lambda$runCommand$1
WARNING: The chromedriver version (139.0.7258.68) detected in PATH at E:\chromedriver-win64\chromedriver.exe might not be compatible with the detected chrome version (140.0.7339.80); currently, chromedriver 140.0.7339.80 is recommended for chrome 140.*, so it is advised to delete the driver in PATH and retry
Sept 08, 2025 5:16:34 PM org.openqa.selenium.devtools.CdpVersionFinder findNearestMatch
WARNING: Unable to find CDP implementation matching 140
Sept 08, 2025 5:16:34 PM org.openqa.selenium.chromium.ChromiumDriver lambda$new$5
WARNING: Unable to find version of CDP to use for 140.0.7339.80. You may need to include a dependency on a specific version of the CDP using something similar to `org.seleniumhq.selenium:selenium-devtools-v86:4.25.0` where the version ("v86") matches the version of the chromium-based browser you're using and the version number of the artifact is the same as Selenium's.
]]></system-err>
  </testcase>
  <testcase name="testOpenFavouritesAndAssert" classname="tests.FavoritesTest" time="3.162"/>
  <testcase name="shouldLoadCatalogAndListProducts" classname="tests.HomePageTest" time="6.436">
    <system-err><![CDATA[Sept 08, 2025 5:17:10 PM org.openqa.selenium.manager.SeleniumManager lambda$runCommand$1
WARNING: The chromedriver version (139.0.7258.68) detected in PATH at E:\chromedriver-win64\chromedriver.exe might not be compatible with the detected chrome version (140.0.7339.80); currently, chromedriver 140.0.7339.80 is recommended for chrome 140.*, so it is advised to delete the driver in PATH and retry
Sept 08, 2025 5:17:11 PM org.openqa.selenium.devtools.CdpVersionFinder findNearestMatch
WARNING: Unable to find CDP implementation matching 140
Sept 08, 2025 5:17:11 PM org.openqa.selenium.chromium.ChromiumDriver lambda$new$5
WARNING: Unable to find version of CDP to use for 140.0.7339.80. You may need to include a dependency on a specific version of the CDP using something similar to `org.seleniumhq.selenium:selenium-devtools-v86:4.25.0` where the version ("v86") matches the version of the chromium-based browser you're using and the version number of the artifact is the same as Selenium's.
]]></system-err>
  </testcase>
  <testcase name="shouldAddFirstProductToCart" classname="tests.HomePageTest" time="5.181"/>
  <testcase name="shouldSelectAndClearEachVendorInOnePass" classname="tests.HomePageTest" time="21.254"/>
  <testcase name="shouldSortCatalogAndCaptureShots" classname="tests.HomePageTest" time="4.339"/>
  <testcase name="endToEndUserJourney" classname="tests.IntegrationFlowTest" time="8.525">
    <system-err><![CDATA[Sept 08, 2025 5:17:49 PM org.openqa.selenium.manager.SeleniumManager lambda$runCommand$1
WARNING: The chromedriver version (139.0.7258.68) detected in PATH at E:\chromedriver-win64\chromedriver.exe might not be compatible with the detected chrome version (140.0.7339.80); currently, chromedriver 140.0.7339.80 is recommended for chrome 140.*, so it is advised to delete the driver in PATH and retry
Sept 08, 2025 5:17:49 PM org.openqa.selenium.devtools.CdpVersionFinder findNearestMatch
WARNING: Unable to find CDP implementation matching 140
Sept 08, 2025 5:17:49 PM org.openqa.selenium.chromium.ChromiumDriver lambda$new$5
WARNING: Unable to find version of CDP to use for 140.0.7339.80. You may need to include a dependency on a specific version of the CDP using something similar to `org.seleniumhq.selenium:selenium-devtools-v86:4.25.0` where the version ("v86") matches the version of the chromium-based browser you're using and the version number of the artifact is the same as Selenium's.
]]></system-err>
  </testcase>
  <testcase name="openLoginPage" classname="tests.LoginTest" time="3.589">
    <system-err><![CDATA[Sept 08, 2025 5:18:00 PM org.openqa.selenium.manager.SeleniumManager lambda$runCommand$1
WARNING: The chromedriver version (139.0.7258.68) detected in PATH at E:\chromedriver-win64\chromedriver.exe might not be compatible with the detected chrome version (140.0.7339.80); currently, chromedriver 140.0.7339.80 is recommended for chrome 140.*, so it is advised to delete the driver in PATH and retry
Sept 08, 2025 5:18:01 PM org.openqa.selenium.devtools.CdpVersionFinder findNearestMatch
WARNING: Unable to find CDP implementation matching 140
Sept 08, 2025 5:18:01 PM org.openqa.selenium.chromium.ChromiumDriver lambda$new$5
WARNING: Unable to find version of CDP to use for 140.0.7339.80. You may need to include a dependency on a specific version of the CDP using something similar to `org.seleniumhq.selenium:selenium-devtools-v86:4.25.0` where the version ("v86") matches the version of the chromium-based browser you're using and the version number of the artifact is the same as Selenium's.
]]></system-err>
  </testcase>
  <testcase name="emptyPassword" classname="tests.LoginTest" time="0.846"/>
  <testcase name="emptyUsername" classname="tests.LoginTest" time="0.802"/>
  <testcase name="invalidPassword" classname="tests.LoginTest" time="0.888"/>
  <testcase name="validLogin" classname="tests.LoginTest" time="1.796"/>
  <testcase name="shouldShowNoPromotionalOffersMessage" classname="tests.OffersPageTest" time="10.059">
    <system-err><![CDATA[Sept 08, 2025 5:18:09 PM org.openqa.selenium.manager.SeleniumManager lambda$runCommand$1
WARNING: The chromedriver version (139.0.7258.68) detected in PATH at E:\chromedriver-win64\chromedriver.exe might not be compatible with the detected chrome version (140.0.7339.80); currently, chromedriver 140.0.7339.80 is recommended for chrome 140.*, so it is advised to delete the driver in PATH and retry
Sept 08, 2025 5:18:10 PM org.openqa.selenium.devtools.CdpVersionFinder findNearestMatch
WARNING: Unable to find CDP implementation matching 140
Sept 08, 2025 5:18:10 PM org.openqa.selenium.chromium.ChromiumDriver lambda$new$5
WARNING: Unable to find version of CDP to use for 140.0.7339.80. You may need to include a dependency on a specific version of the CDP using something similar to `org.seleniumhq.selenium:selenium-devtools-v86:4.25.0` where the version ("v86") matches the version of the chromium-based browser you're using and the version number of the artifact is the same as Selenium's.
]]></system-err>
  </testcase>
  <testcase name="addItemOpenCartAndAssertQty" classname="tests.OrderConfirmationTest" time="11.307">
    <system-err><![CDATA[Sept 08, 2025 5:18:20 PM org.openqa.selenium.manager.SeleniumManager lambda$runCommand$1
WARNING: The chromedriver version (139.0.7258.68) detected in PATH at E:\chromedriver-win64\chromedriver.exe might not be compatible with the detected chrome version (140.0.7339.80); currently, chromedriver 140.0.7339.80 is recommended for chrome 140.*, so it is advised to delete the driver in PATH and retry
Sept 08, 2025 5:18:21 PM org.openqa.selenium.devtools.CdpVersionFinder findNearestMatch
WARNING: Unable to find CDP implementation matching 140
Sept 08, 2025 5:18:21 PM org.openqa.selenium.chromium.ChromiumDriver lambda$new$5
WARNING: Unable to find version of CDP to use for 140.0.7339.80. You may need to include a dependency on a specific version of the CDP using something similar to `org.seleniumhq.selenium:selenium-devtools-v86:4.25.0` where the version ("v86") matches the version of the chromium-based browser you're using and the version number of the artifact is the same as Selenium's.
]]></system-err>
  </testcase>
  <testcase name="proceedToCheckoutAndFillAddress" classname="tests.OrderConfirmationTest" time="5.978"/>
  <testcase name="assertConfirmationAndDownloadReceipt" classname="tests.OrderConfirmationTest" time="0.206"/>
</testsuite>