<?xml version="1.0" encoding="UTF-8"?>
<testng-results ignored="0" total="26" passed="26" failed="0" skipped="0">
  <reporter-output>
  </reporter-output>
  <suite started-at="2025-09-08T10:36:29 IST" name="BstackDemoAutomation Suite" finished-at="2025-09-08T10:39:09 IST" duration-ms="160201">
    <groups>
      <group name="cucumber">
        <method signature="AbstractTestNGCucumberTests.runScenario(io.cucumber.testng.PickleWrapper,io.cucumber.testng.FeatureWrapper)[pri:0, instance:runners.TestRunner@7748410a]" name="runScenario" class="io.cucumber.testng.AbstractTestNGCucumberTests"/>
      </group> <!-- cucumber -->
    </groups>
    <test started-at="2025-09-08T10:36:29 IST" name="All Tests" finished-at="2025-09-08T10:39:09 IST" duration-ms="160201">
      <class name="tests.LoginTest">
        <test-method is-config="true" signature="baseSetup(java.lang.String)[pri:0, instance:tests.LoginTest@3e96bacf]" started-at="2025-09-08T10:38:33 IST" name="baseSetup" finished-at="2025-09-08T10:38:34 IST" duration-ms="963" status="PASS">
          <params>
            <param index="0">
              <value>
                <![CDATA[C:/Users/mirut/Capstone-Project-workspace/BstackDemoAutomation/src/main/resources]]>
              </value>
            </param>
          </params>
          <reporter-output>
          </reporter-output>
        </test-method> <!-- baseSetup -->
        <test-method is-config="true" signature="loadData()[pri:0, instance:tests.LoginTest@3e96bacf]" started-at="2025-09-08T10:38:34 IST" name="loadData" finished-at="2025-09-08T10:38:34 IST" duration-ms="2" status="PASS">
          <reporter-output>
          </reporter-output>
        </test-method> <!-- loadData -->
        <test-method is-config="true" signature="initPage()[pri:0, instance:tests.LoginTest@3e96bacf]" started-at="2025-09-08T10:38:34 IST" name="initPage" finished-at="2025-09-08T10:38:34 IST" duration-ms="1" status="PASS">
          <reporter-output>
          </reporter-output>
        </test-method> <!-- initPage -->
        <test-method is-config="true" signature="beforeEach(java.lang.reflect.Method)[pri:0, instance:tests.LoginTest@3e96bacf]" started-at="2025-09-08T10:38:34 IST" name="beforeEach" finished-at="2025-09-08T10:38:34 IST" duration-ms="0" status="PASS">
          <params>
            <param index="0">
              <value>
                <![CDATA[public void tests.LoginTest.openLoginPage()]]>
              </value>
            </param>
          </params>
          <reporter-output>
          </reporter-output>
        </test-method> <!-- beforeEach -->
        <test-method signature="openLoginPage()[pri:0, instance:tests.LoginTest@3e96bacf]" started-at="2025-09-08T10:38:34 IST" name="openLoginPage" finished-at="2025-09-08T10:38:36 IST" duration-ms="2296" status="PASS">
          <reporter-output>
          </reporter-output>
        </test-method> <!-- openLoginPage -->
        <test-method is-config="true" signature="baseAfterEach(org.testng.ITestResult)[pri:0, instance:tests.LoginTest@3e96bacf]" started-at="2025-09-08T10:38:36 IST" name="baseAfterEach" finished-at="2025-09-08T10:38:36 IST" duration-ms="1" status="PASS">
          <params>
            <param index="0">
              <value>
                <![CDATA[[TestResult name=openLoginPage status=SUCCESS method=LoginTest.openLoginPage()[pri:0, instance:tests.LoginTest@3e96bacf] output={null}]]]>
              </value>
            </param>
          </params>
          <reporter-output>
          </reporter-output>
        </test-method> <!-- baseAfterEach -->
        <test-method is-config="true" signature="initPage()[pri:0, instance:tests.LoginTest@3e96bacf]" started-at="2025-09-08T10:38:36 IST" name="initPage" finished-at="2025-09-08T10:38:36 IST" duration-ms="2" status="PASS">
          <reporter-output>
          </reporter-output>
        </test-method> <!-- initPage -->
        <test-method is-config="true" signature="beforeEach(java.lang.reflect.Method)[pri:0, instance:tests.LoginTest@3e96bacf]" started-at="2025-09-08T10:38:36 IST" name="beforeEach" finished-at="2025-09-08T10:38:36 IST" duration-ms="0" status="PASS">
          <params>
            <param index="0">
              <value>
                <![CDATA[public void tests.LoginTest.emptyPassword()]]>
              </value>
            </param>
          </params>
          <reporter-output>
          </reporter-output>
        </test-method> <!-- beforeEach -->
        <test-method signature="emptyPassword()[pri:0, instance:tests.LoginTest@3e96bacf]" started-at="2025-09-08T10:38:36 IST" name="emptyPassword" finished-at="2025-09-08T10:38:37 IST" depends-on-methods="tests.LoginTest.openLoginPage" duration-ms="818" status="PASS">
          <reporter-output>
          </reporter-output>
        </test-method> <!-- emptyPassword -->
        <test-method is-config="true" signature="baseAfterEach(org.testng.ITestResult)[pri:0, instance:tests.LoginTest@3e96bacf]" started-at="2025-09-08T10:38:37 IST" name="baseAfterEach" finished-at="2025-09-08T10:38:37 IST" duration-ms="0" status="PASS">
          <params>
            <param index="0">
              <value>
                <![CDATA[[TestResult name=emptyPassword status=SUCCESS method=LoginTest.emptyPassword()[pri:0, instance:tests.LoginTest@3e96bacf] output={null}]]]>
              </value>
            </param>
          </params>
          <reporter-output>
          </reporter-output>
        </test-method> <!-- baseAfterEach -->
        <test-method is-config="true" signature="beforeEach(java.lang.reflect.Method)[pri:0, instance:tests.LoginTest@3e96bacf]" started-at="2025-09-08T10:38:37 IST" name="beforeEach" finished-at="2025-09-08T10:38:37 IST" duration-ms="1" status="PASS">
          <params>
            <param index="0">
              <value>
                <![CDATA[public void tests.LoginTest.emptyUsername()]]>
              </value>
            </param>
          </params>
          <reporter-output>
          </reporter-output>
        </test-method> <!-- beforeEach -->
        <test-method signature="emptyUsername()[pri:0, instance:tests.LoginTest@3e96bacf]" started-at="2025-09-08T10:38:37 IST" name="emptyUsername" finished-at="2025-09-08T10:38:38 IST" depends-on-methods="tests.LoginTest.openLoginPage" duration-ms="800" status="PASS">
          <reporter-output>
          </reporter-output>
        </test-method> <!-- emptyUsername -->
        <test-method is-config="true" signature="initPage()[pri:0, instance:tests.LoginTest@3e96bacf]" started-at="2025-09-08T10:38:37 IST" name="initPage" finished-at="2025-09-08T10:38:37 IST" duration-ms="0" status="PASS">
          <reporter-output>
          </reporter-output>
        </test-method> <!-- initPage -->
        <test-method signature="invalidPassword()[pri:0, instance:tests.LoginTest@3e96bacf]" started-at="2025-09-08T10:38:38 IST" name="invalidPassword" finished-at="2025-09-08T10:38:38 IST" depends-on-methods="tests.LoginTest.openLoginPage" duration-ms="831" status="PASS">
          <reporter-output>
          </reporter-output>
        </test-method> <!-- invalidPassword -->
        <test-method is-config="true" signature="baseAfterEach(org.testng.ITestResult)[pri:0, instance:tests.LoginTest@3e96bacf]" started-at="2025-09-08T10:38:38 IST" name="baseAfterEach" finished-at="2025-09-08T10:38:38 IST" duration-ms="0" status="PASS">
          <params>
            <param index="0">
              <value>
                <![CDATA[[TestResult name=emptyUsername status=SUCCESS method=LoginTest.emptyUsername()[pri:0, instance:tests.LoginTest@3e96bacf] output={null}]]]>
              </value>
            </param>
          </params>
          <reporter-output>
          </reporter-output>
        </test-method> <!-- baseAfterEach -->
        <test-method is-config="true" signature="initPage()[pri:0, instance:tests.LoginTest@3e96bacf]" started-at="2025-09-08T10:38:38 IST" name="initPage" finished-at="2025-09-08T10:38:38 IST" duration-ms="0" status="PASS">
          <reporter-output>
          </reporter-output>
        </test-method> <!-- initPage -->
        <test-method is-config="true" signature="beforeEach(java.lang.reflect.Method)[pri:0, instance:tests.LoginTest@3e96bacf]" started-at="2025-09-08T10:38:38 IST" name="beforeEach" finished-at="2025-09-08T10:38:38 IST" duration-ms="0" status="PASS">
          <params>
            <param index="0">
              <value>
                <![CDATA[public void tests.LoginTest.invalidPassword()]]>
              </value>
            </param>
          </params>
          <reporter-output>
          </reporter-output>
        </test-method> <!-- beforeEach -->
        <test-method is-config="true" signature="baseAfterEach(org.testng.ITestResult)[pri:0, instance:tests.LoginTest@3e96bacf]" started-at="2025-09-08T10:38:38 IST" name="baseAfterEach" finished-at="2025-09-08T10:38:38 IST" duration-ms="0" status="PASS">
          <params>
            <param index="0">
              <value>
                <![CDATA[[TestResult name=invalidPassword status=SUCCESS method=LoginTest.invalidPassword()[pri:0, instance:tests.LoginTest@3e96bacf] output={null}]]]>
              </value>
            </param>
          </params>
          <reporter-output>
          </reporter-output>
        </test-method> <!-- baseAfterEach -->
        <test-method signature="validLogin()[pri:0, instance:tests.LoginTest@3e96bacf]" started-at="2025-09-08T10:38:38 IST" name="validLogin" finished-at="2025-09-08T10:38:40 IST" depends-on-methods="tests.LoginTest.openLoginPage" duration-ms="1765" status="PASS">
          <reporter-output>
          </reporter-output>
        </test-method> <!-- validLogin -->
        <test-method is-config="true" signature="initPage()[pri:0, instance:tests.LoginTest@3e96bacf]" started-at="2025-09-08T10:38:38 IST" name="initPage" finished-at="2025-09-08T10:38:38 IST" duration-ms="0" status="PASS">
          <reporter-output>
          </reporter-output>
        </test-method> <!-- initPage -->
        <test-method is-config="true" signature="beforeEach(java.lang.reflect.Method)[pri:0, instance:tests.LoginTest@3e96bacf]" started-at="2025-09-08T10:38:38 IST" name="beforeEach" finished-at="2025-09-08T10:38:38 IST" duration-ms="0" status="PASS">
          <params>
            <param index="0">
              <value>
                <![CDATA[public void tests.LoginTest.validLogin()]]>
              </value>
            </param>
          </params>
          <reporter-output>
          </reporter-output>
        </test-method> <!-- beforeEach -->
        <test-method is-config="true" signature="baseAfterEach(org.testng.ITestResult)[pri:0, instance:tests.LoginTest@3e96bacf]" started-at="2025-09-08T10:38:40 IST" name="baseAfterEach" finished-at="2025-09-08T10:38:40 IST" duration-ms="0" status="PASS">
          <params>
            <param index="0">
              <value>
                <![CDATA[[TestResult name=validLogin status=SUCCESS method=LoginTest.validLogin()[pri:0, instance:tests.LoginTest@3e96bacf] output={null}]]]>
              </value>
            </param>
          </params>
          <reporter-output>
          </reporter-output>
        </test-method> <!-- baseAfterEach -->
        <test-method is-config="true" signature="baseTeardown()[pri:0, instance:tests.LoginTest@3e96bacf]" started-at="2025-09-08T10:38:40 IST" name="baseTeardown" finished-at="2025-09-08T10:38:40 IST" duration-ms="156" status="PASS">
          <reporter-output>
          </reporter-output>
        </test-method> <!-- baseTeardown -->
      </class> <!-- tests.LoginTest -->
      <class name="tests.CheckoutFlowTest">
        <test-method is-config="true" signature="baseSetup(java.lang.String)[pri:0, instance:tests.CheckoutFlowTest@15ca7889]" started-at="2025-09-08T10:36:53 IST" name="baseSetup" finished-at="2025-09-08T10:36:54 IST" duration-ms="1054" status="PASS">
          <params>
            <param index="0">
              <value>
                <![CDATA[C:/Users/mirut/Capstone-Project-workspace/BstackDemoAutomation/src/main/resources]]>
              </value>
            </param>
          </params>
          <reporter-output>
          </reporter-output>
        </test-method> <!-- baseSetup -->
        <test-method is-config="true" signature="beforeEach(java.lang.reflect.Method)[pri:0, instance:tests.CheckoutFlowTest@15ca7889]" started-at="2025-09-08T10:36:54 IST" name="beforeEach" finished-at="2025-09-08T10:36:54 IST" duration-ms="0" status="PASS">
          <params>
            <param index="0">
              <value>
                <![CDATA[public void tests.CheckoutFlowTest.testLogin() throws java.lang.Exception]]>
              </value>
            </param>
          </params>
          <reporter-output>
          </reporter-output>
        </test-method> <!-- beforeEach -->
        <test-method signature="testLogin()[pri:1, instance:tests.CheckoutFlowTest@15ca7889]" started-at="2025-09-08T10:36:54 IST" name="testLogin" finished-at="2025-09-08T10:37:04 IST" duration-ms="9895" status="PASS">
          <reporter-output>
          </reporter-output>
        </test-method> <!-- testLogin -->
        <test-method is-config="true" signature="beforeEach(java.lang.reflect.Method)[pri:0, instance:tests.CheckoutFlowTest@15ca7889]" started-at="2025-09-08T10:37:04 IST" name="beforeEach" finished-at="2025-09-08T10:37:04 IST" duration-ms="2" status="PASS">
          <params>
            <param index="0">
              <value>
                <![CDATA[public void tests.CheckoutFlowTest.testAddToCart() throws java.lang.Exception]]>
              </value>
            </param>
          </params>
          <reporter-output>
          </reporter-output>
        </test-method> <!-- beforeEach -->
        <test-method is-config="true" signature="baseAfterEach(org.testng.ITestResult)[pri:0, instance:tests.CheckoutFlowTest@15ca7889]" started-at="2025-09-08T10:37:04 IST" name="baseAfterEach" finished-at="2025-09-08T10:37:04 IST" duration-ms="0" status="PASS">
          <params>
            <param index="0">
              <value>
                <![CDATA[[TestResult name=testLogin status=SUCCESS method=CheckoutFlowTest.testLogin()[pri:1, instance:tests.CheckoutFlowTest@15ca7889] output={null}]]]>
              </value>
            </param>
          </params>
          <reporter-output>
          </reporter-output>
        </test-method> <!-- baseAfterEach -->
        <test-method signature="testAddToCart()[pri:2, instance:tests.CheckoutFlowTest@15ca7889]" started-at="2025-09-08T10:37:04 IST" name="testAddToCart" finished-at="2025-09-08T10:37:09 IST" depends-on-methods="tests.CheckoutFlowTest.testLogin" duration-ms="5870" status="PASS">
          <reporter-output>
          </reporter-output>
        </test-method> <!-- testAddToCart -->
        <test-method is-config="true" signature="baseAfterEach(org.testng.ITestResult)[pri:0, instance:tests.CheckoutFlowTest@15ca7889]" started-at="2025-09-08T10:37:10 IST" name="baseAfterEach" finished-at="2025-09-08T10:37:10 IST" duration-ms="0" status="PASS">
          <params>
            <param index="0">
              <value>
                <![CDATA[[TestResult name=testAddToCart status=SUCCESS method=CheckoutFlowTest.testAddToCart()[pri:2, instance:tests.CheckoutFlowTest@15ca7889] output={null}]]]>
              </value>
            </param>
          </params>
          <reporter-output>
          </reporter-output>
        </test-method> <!-- baseAfterEach -->
        <test-method signature="testProceedToCheckout()[pri:3, instance:tests.CheckoutFlowTest@15ca7889]" started-at="2025-09-08T10:37:10 IST" name="testProceedToCheckout" finished-at="2025-09-08T10:37:15 IST" depends-on-methods="tests.CheckoutFlowTest.testAddToCart" duration-ms="5757" status="PASS">
          <reporter-output>
          </reporter-output>
        </test-method> <!-- testProceedToCheckout -->
        <test-method is-config="true" signature="beforeEach(java.lang.reflect.Method)[pri:0, instance:tests.CheckoutFlowTest@15ca7889]" started-at="2025-09-08T10:37:10 IST" name="beforeEach" finished-at="2025-09-08T10:37:10 IST" duration-ms="0" status="PASS">
          <params>
            <param index="0">
              <value>
                <![CDATA[public void tests.CheckoutFlowTest.testProceedToCheckout() throws java.lang.Exception]]>
              </value>
            </param>
          </params>
          <reporter-output>
          </reporter-output>
        </test-method> <!-- beforeEach -->
        <test-method is-config="true" signature="baseAfterEach(org.testng.ITestResult)[pri:0, instance:tests.CheckoutFlowTest@15ca7889]" started-at="2025-09-08T10:37:15 IST" name="baseAfterEach" finished-at="2025-09-08T10:37:15 IST" duration-ms="0" status="PASS">
          <params>
            <param index="0">
              <value>
                <![CDATA[[TestResult name=testProceedToCheckout status=SUCCESS method=CheckoutFlowTest.testProceedToCheckout()[pri:3, instance:tests.CheckoutFlowTest@15ca7889] output={null}]]]>
              </value>
            </param>
          </params>
          <reporter-output>
          </reporter-output>
        </test-method> <!-- baseAfterEach -->
        <test-method is-config="true" signature="beforeEach(java.lang.reflect.Method)[pri:0, instance:tests.CheckoutFlowTest@15ca7889]" started-at="2025-09-08T10:37:15 IST" name="beforeEach" finished-at="2025-09-08T10:37:15 IST" duration-ms="1" status="PASS">
          <params>
            <param index="0">
              <value>
                <![CDATA[public void tests.CheckoutFlowTest.testFillAddressAndSubmit() throws java.lang.Exception]]>
              </value>
            </param>
          </params>
          <reporter-output>
          </reporter-output>
        </test-method> <!-- beforeEach -->
        <test-method signature="testFillAddressAndSubmit()[pri:4, instance:tests.CheckoutFlowTest@15ca7889]" started-at="2025-09-08T10:37:15 IST" name="testFillAddressAndSubmit" finished-at="2025-09-08T10:37:21 IST" depends-on-methods="tests.CheckoutFlowTest.testProceedToCheckout" duration-ms="5744" status="PASS">
          <reporter-output>
          </reporter-output>
        </test-method> <!-- testFillAddressAndSubmit -->
        <test-method is-config="true" signature="baseAfterEach(org.testng.ITestResult)[pri:0, instance:tests.CheckoutFlowTest@15ca7889]" started-at="2025-09-08T10:37:21 IST" name="baseAfterEach" finished-at="2025-09-08T10:37:21 IST" duration-ms="1" status="PASS">
          <params>
            <param index="0">
              <value>
                <![CDATA[[TestResult name=testFillAddressAndSubmit status=SUCCESS method=CheckoutFlowTest.testFillAddressAndSubmit()[pri:4, instance:tests.CheckoutFlowTest@15ca7889] output={null}]]]>
              </value>
            </param>
          </params>
          <reporter-output>
          </reporter-output>
        </test-method> <!-- baseAfterEach -->
        <test-method is-config="true" signature="beforeEach(java.lang.reflect.Method)[pri:0, instance:tests.CheckoutFlowTest@15ca7889]" started-at="2025-09-08T10:37:21 IST" name="beforeEach" finished-at="2025-09-08T10:37:21 IST" duration-ms="1" status="PASS">
          <params>
            <param index="0">
              <value>
                <![CDATA[public void tests.CheckoutFlowTest.testOrderConfirmationAndReceipt() throws java.lang.Exception]]>
              </value>
            </param>
          </params>
          <reporter-output>
          </reporter-output>
        </test-method> <!-- beforeEach -->
        <test-method signature="testOrderConfirmationAndReceipt()[pri:5, instance:tests.CheckoutFlowTest@15ca7889]" started-at="2025-09-08T10:37:21 IST" name="testOrderConfirmationAndReceipt" finished-at="2025-09-08T10:37:26 IST" depends-on-methods="tests.CheckoutFlowTest.testFillAddressAndSubmit" duration-ms="5145" status="PASS">
          <reporter-output>
          </reporter-output>
        </test-method> <!-- testOrderConfirmationAndReceipt -->
        <test-method is-config="true" signature="baseAfterEach(org.testng.ITestResult)[pri:0, instance:tests.CheckoutFlowTest@15ca7889]" started-at="2025-09-08T10:37:26 IST" name="baseAfterEach" finished-at="2025-09-08T10:37:26 IST" duration-ms="1" status="PASS">
          <params>
            <param index="0">
              <value>
                <![CDATA[[TestResult name=testOrderConfirmationAndReceipt status=SUCCESS method=CheckoutFlowTest.testOrderConfirmationAndReceipt()[pri:5, instance:tests.CheckoutFlowTest@15ca7889] output={null}]]]>
              </value>
            </param>
          </params>
          <reporter-output>
          </reporter-output>
        </test-method> <!-- baseAfterEach -->
        <test-method is-config="true" signature="baseTeardown()[pri:0, instance:tests.CheckoutFlowTest@15ca7889]" started-at="2025-09-08T10:37:26 IST" name="baseTeardown" finished-at="2025-09-08T10:37:26 IST" duration-ms="194" status="PASS">
          <reporter-output>
          </reporter-output>
        </test-method> <!-- baseTeardown -->
      </class> <!-- tests.CheckoutFlowTest -->
      <class name="tests.IntegrationFlowTest">
        <test-method is-config="true" signature="baseSetup(java.lang.String)[pri:0, instance:tests.IntegrationFlowTest@6e509ffa]" started-at="2025-09-08T10:38:25 IST" name="baseSetup" finished-at="2025-09-08T10:38:26 IST" duration-ms="965" status="PASS">
          <params>
            <param index="0">
              <value>
                <![CDATA[C:/Users/mirut/Capstone-Project-workspace/BstackDemoAutomation/src/main/resources]]>
              </value>
            </param>
          </params>
          <reporter-output>
          </reporter-output>
        </test-method> <!-- baseSetup -->
        <test-method is-config="true" signature="beforeEach(java.lang.reflect.Method)[pri:0, instance:tests.IntegrationFlowTest@6e509ffa]" started-at="2025-09-08T10:38:26 IST" name="beforeEach" finished-at="2025-09-08T10:38:26 IST" duration-ms="1" status="PASS">
          <params>
            <param index="0">
              <value>
                <![CDATA[public void tests.IntegrationFlowTest.endToEndUserJourney()]]>
              </value>
            </param>
          </params>
          <reporter-output>
          </reporter-output>
        </test-method> <!-- beforeEach -->
        <test-method signature="endToEndUserJourney()[pri:0, instance:tests.IntegrationFlowTest@6e509ffa]" started-at="2025-09-08T10:38:26 IST" name="endToEndUserJourney" description="E2E: Login -&gt; Cart -&gt; Checkout -&gt; Order Confirmation" finished-at="2025-09-08T10:38:33 IST" duration-ms="7075" status="PASS">
          <reporter-output>
          </reporter-output>
        </test-method> <!-- endToEndUserJourney -->
        <test-method is-config="true" signature="baseAfterEach(org.testng.ITestResult)[pri:0, instance:tests.IntegrationFlowTest@6e509ffa]" started-at="2025-09-08T10:38:33 IST" name="baseAfterEach" finished-at="2025-09-08T10:38:33 IST" duration-ms="0" status="PASS">
          <params>
            <param index="0">
              <value>
                <![CDATA[[TestResult name=endToEndUserJourney status=SUCCESS method=IntegrationFlowTest.endToEndUserJourney()[pri:0, instance:tests.IntegrationFlowTest@6e509ffa] output={null}]]]>
              </value>
            </param>
          </params>
          <reporter-output>
          </reporter-output>
        </test-method> <!-- baseAfterEach -->
        <test-method is-config="true" signature="baseTeardown()[pri:0, instance:tests.IntegrationFlowTest@6e509ffa]" started-at="2025-09-08T10:38:33 IST" name="baseTeardown" finished-at="2025-09-08T10:38:33 IST" duration-ms="173" status="PASS">
          <reporter-output>
          </reporter-output>
        </test-method> <!-- baseTeardown -->
      </class> <!-- tests.IntegrationFlowTest -->
      <class name="tests.OffersPageTest">
        <test-method is-config="true" signature="baseSetup(java.lang.String)[pri:0, instance:tests.OffersPageTest@4470f8a6]" started-at="2025-09-08T10:38:40 IST" name="baseSetup" finished-at="2025-09-08T10:38:41 IST" duration-ms="969" status="PASS">
          <params>
            <param index="0">
              <value>
                <![CDATA[C:/Users/mirut/Capstone-Project-workspace/BstackDemoAutomation/src/main/resources]]>
              </value>
            </param>
          </params>
          <reporter-output>
          </reporter-output>
        </test-method> <!-- baseSetup -->
        <test-method signature="shouldShowNoPromotionalOffersMessage()[pri:0, instance:tests.OffersPageTest@4470f8a6]" started-at="2025-09-08T10:38:41 IST" name="shouldShowNoPromotionalOffersMessage" description="Offers page: verify empty-state message after login" finished-at="2025-09-08T10:38:47 IST" duration-ms="5400" status="PASS">
          <reporter-output>
          </reporter-output>
        </test-method> <!-- shouldShowNoPromotionalOffersMessage -->
        <test-method is-config="true" signature="beforeEach(java.lang.reflect.Method)[pri:0, instance:tests.OffersPageTest@4470f8a6]" started-at="2025-09-08T10:38:41 IST" name="beforeEach" finished-at="2025-09-08T10:38:41 IST" duration-ms="0" status="PASS">
          <params>
            <param index="0">
              <value>
                <![CDATA[public void tests.OffersPageTest.shouldShowNoPromotionalOffersMessage()]]>
              </value>
            </param>
          </params>
          <reporter-output>
          </reporter-output>
        </test-method> <!-- beforeEach -->
        <test-method is-config="true" signature="baseAfterEach(org.testng.ITestResult)[pri:0, instance:tests.OffersPageTest@4470f8a6]" started-at="2025-09-08T10:38:47 IST" name="baseAfterEach" finished-at="2025-09-08T10:38:47 IST" duration-ms="0" status="PASS">
          <params>
            <param index="0">
              <value>
                <![CDATA[[TestResult name=shouldShowNoPromotionalOffersMessage status=SUCCESS method=OffersPageTest.shouldShowNoPromotionalOffersMessage()[pri:0, instance:tests.OffersPageTest@4470f8a6] output={null}]]]>
              </value>
            </param>
          </params>
          <reporter-output>
          </reporter-output>
        </test-method> <!-- baseAfterEach -->
        <test-method is-config="true" signature="baseTeardown()[pri:0, instance:tests.OffersPageTest@4470f8a6]" started-at="2025-09-08T10:38:47 IST" name="baseTeardown" finished-at="2025-09-08T10:38:47 IST" duration-ms="200" status="PASS">
          <reporter-output>
          </reporter-output>
        </test-method> <!-- baseTeardown -->
      </class> <!-- tests.OffersPageTest -->
      <class name="tests.FavoritesTest">
        <test-method is-config="true" signature="baseSetup(java.lang.String)[pri:0, instance:tests.FavoritesTest@7a675056]" started-at="2025-09-08T10:37:26 IST" name="baseSetup" finished-at="2025-09-08T10:37:27 IST" duration-ms="963" status="PASS">
          <params>
            <param index="0">
              <value>
                <![CDATA[C:/Users/mirut/Capstone-Project-workspace/BstackDemoAutomation/src/main/resources]]>
              </value>
            </param>
          </params>
          <reporter-output>
          </reporter-output>
        </test-method> <!-- baseSetup -->
        <test-method is-config="true" signature="beforeEach(java.lang.reflect.Method)[pri:0, instance:tests.FavoritesTest@7a675056]" started-at="2025-09-08T10:37:27 IST" name="beforeEach" finished-at="2025-09-08T10:37:27 IST" duration-ms="1" status="PASS">
          <params>
            <param index="0">
              <value>
                <![CDATA[public void tests.FavoritesTest.testAddFavorite() throws java.lang.Exception]]>
              </value>
            </param>
          </params>
          <reporter-output>
          </reporter-output>
        </test-method> <!-- beforeEach -->
        <test-method signature="testAddFavorite()[pri:1, instance:tests.FavoritesTest@7a675056]" started-at="2025-09-08T10:37:27 IST" name="testAddFavorite" finished-at="2025-09-08T10:37:42 IST" duration-ms="14342" status="PASS">
          <reporter-output>
          </reporter-output>
        </test-method> <!-- testAddFavorite -->
        <test-method is-config="true" signature="baseAfterEach(org.testng.ITestResult)[pri:0, instance:tests.FavoritesTest@7a675056]" started-at="2025-09-08T10:37:42 IST" name="baseAfterEach" finished-at="2025-09-08T10:37:42 IST" duration-ms="2" status="PASS">
          <params>
            <param index="0">
              <value>
                <![CDATA[[TestResult name=testAddFavorite status=SUCCESS method=FavoritesTest.testAddFavorite()[pri:1, instance:tests.FavoritesTest@7a675056] output={null}]]]>
              </value>
            </param>
          </params>
          <reporter-output>
          </reporter-output>
        </test-method> <!-- baseAfterEach -->
        <test-method is-config="true" signature="beforeEach(java.lang.reflect.Method)[pri:0, instance:tests.FavoritesTest@7a675056]" started-at="2025-09-08T10:37:42 IST" name="beforeEach" finished-at="2025-09-08T10:37:42 IST" duration-ms="1" status="PASS">
          <params>
            <param index="0">
              <value>
                <![CDATA[public void tests.FavoritesTest.testOpenFavouritesAndAssert() throws java.lang.Exception]]>
              </value>
            </param>
          </params>
          <reporter-output>
          </reporter-output>
        </test-method> <!-- beforeEach -->
        <test-method signature="testOpenFavouritesAndAssert()[pri:2, instance:tests.FavoritesTest@7a675056]" started-at="2025-09-08T10:37:42 IST" name="testOpenFavouritesAndAssert" finished-at="2025-09-08T10:37:45 IST" depends-on-methods="tests.FavoritesTest.testAddFavorite" duration-ms="3290" status="PASS">
          <reporter-output>
          </reporter-output>
        </test-method> <!-- testOpenFavouritesAndAssert -->
        <test-method is-config="true" signature="baseAfterEach(org.testng.ITestResult)[pri:0, instance:tests.FavoritesTest@7a675056]" started-at="2025-09-08T10:37:45 IST" name="baseAfterEach" finished-at="2025-09-08T10:37:45 IST" duration-ms="1" status="PASS">
          <params>
            <param index="0">
              <value>
                <![CDATA[[TestResult name=testOpenFavouritesAndAssert status=SUCCESS method=FavoritesTest.testOpenFavouritesAndAssert()[pri:2, instance:tests.FavoritesTest@7a675056] output={null}]]]>
              </value>
            </param>
          </params>
          <reporter-output>
          </reporter-output>
        </test-method> <!-- baseAfterEach -->
        <test-method is-config="true" signature="baseTeardown()[pri:0, instance:tests.FavoritesTest@7a675056]" started-at="2025-09-08T10:37:45 IST" name="baseTeardown" finished-at="2025-09-08T10:37:45 IST" duration-ms="201" status="PASS">
          <reporter-output>
          </reporter-output>
        </test-method> <!-- baseTeardown -->
      </class> <!-- tests.FavoritesTest -->
      <class name="tests.HomePageTest">
        <test-method is-config="true" signature="baseSetup(java.lang.String)[pri:0, instance:tests.HomePageTest@d21a74c]" started-at="2025-09-08T10:37:45 IST" name="baseSetup" finished-at="2025-09-08T10:37:46 IST" duration-ms="964" status="PASS">
          <params>
            <param index="0">
              <value>
                <![CDATA[C:/Users/mirut/Capstone-Project-workspace/BstackDemoAutomation/src/main/resources]]>
              </value>
            </param>
          </params>
          <reporter-output>
          </reporter-output>
        </test-method> <!-- baseSetup -->
        <test-method is-config="true" signature="beforeEach(java.lang.reflect.Method)[pri:0, instance:tests.HomePageTest@d21a74c]" started-at="2025-09-08T10:37:46 IST" name="beforeEach" finished-at="2025-09-08T10:37:46 IST" duration-ms="1" status="PASS">
          <params>
            <param index="0">
              <value>
                <![CDATA[public void tests.HomePageTest.shouldLoadCatalogAndListProducts() throws java.lang.Exception]]>
              </value>
            </param>
          </params>
          <reporter-output>
          </reporter-output>
        </test-method> <!-- beforeEach -->
        <test-method signature="shouldLoadCatalogAndListProducts()[pri:0, instance:tests.HomePageTest@d21a74c]" started-at="2025-09-08T10:37:46 IST" name="shouldLoadCatalogAndListProducts" description="Homepage should load and list products" finished-at="2025-09-08T10:37:53 IST" duration-ms="6539" status="PASS">
          <reporter-output>
          </reporter-output>
        </test-method> <!-- shouldLoadCatalogAndListProducts -->
        <test-method is-config="true" signature="baseAfterEach(org.testng.ITestResult)[pri:0, instance:tests.HomePageTest@d21a74c]" started-at="2025-09-08T10:37:53 IST" name="baseAfterEach" finished-at="2025-09-08T10:37:53 IST" duration-ms="0" status="PASS">
          <params>
            <param index="0">
              <value>
                <![CDATA[[TestResult name=shouldLoadCatalogAndListProducts status=SUCCESS method=HomePageTest.shouldLoadCatalogAndListProducts()[pri:0, instance:tests.HomePageTest@d21a74c] output={null}]]]>
              </value>
            </param>
          </params>
          <reporter-output>
          </reporter-output>
        </test-method> <!-- baseAfterEach -->
        <test-method is-config="true" signature="beforeEach(java.lang.reflect.Method)[pri:0, instance:tests.HomePageTest@d21a74c]" started-at="2025-09-08T10:37:53 IST" name="beforeEach" finished-at="2025-09-08T10:37:53 IST" duration-ms="1" status="PASS">
          <params>
            <param index="0">
              <value>
                <![CDATA[public void tests.HomePageTest.shouldAddFirstProductToCart() throws java.lang.Exception]]>
              </value>
            </param>
          </params>
          <reporter-output>
          </reporter-output>
        </test-method> <!-- beforeEach -->
        <test-method signature="shouldAddFirstProductToCart()[pri:0, instance:tests.HomePageTest@d21a74c]" started-at="2025-09-08T10:37:53 IST" name="shouldAddFirstProductToCart" description="Add first product to cart from listing" finished-at="2025-09-08T10:37:58 IST" depends-on-methods="tests.HomePageTest.shouldLoadCatalogAndListProducts" duration-ms="5272" status="PASS">
          <reporter-output>
          </reporter-output>
        </test-method> <!-- shouldAddFirstProductToCart -->
        <test-method is-config="true" signature="baseAfterEach(org.testng.ITestResult)[pri:0, instance:tests.HomePageTest@d21a74c]" started-at="2025-09-08T10:37:58 IST" name="baseAfterEach" finished-at="2025-09-08T10:37:58 IST" duration-ms="0" status="PASS">
          <params>
            <param index="0">
              <value>
                <![CDATA[[TestResult name=shouldAddFirstProductToCart status=SUCCESS method=HomePageTest.shouldAddFirstProductToCart()[pri:0, instance:tests.HomePageTest@d21a74c] output={null}]]]>
              </value>
            </param>
          </params>
          <reporter-output>
          </reporter-output>
        </test-method> <!-- baseAfterEach -->
        <test-method signature="shouldSelectAndClearEachVendorInOnePass()[pri:0, instance:tests.HomePageTest@d21a74c]" started-at="2025-09-08T10:37:58 IST" name="shouldSelectAndClearEachVendorInOnePass" description="One pass only: for each vendor, select (shot) then clear (shot)" finished-at="2025-09-08T10:38:20 IST" depends-on-methods="tests.HomePageTest.shouldLoadCatalogAndListProducts" duration-ms="21936" status="PASS">
          <reporter-output>
          </reporter-output>
        </test-method> <!-- shouldSelectAndClearEachVendorInOnePass -->
        <test-method is-config="true" signature="beforeEach(java.lang.reflect.Method)[pri:0, instance:tests.HomePageTest@d21a74c]" started-at="2025-09-08T10:37:58 IST" name="beforeEach" finished-at="2025-09-08T10:37:58 IST" duration-ms="0" status="PASS">
          <params>
            <param index="0">
              <value>
                <![CDATA[public void tests.HomePageTest.shouldSelectAndClearEachVendorInOnePass() throws java.lang.Exception]]>
              </value>
            </param>
          </params>
          <reporter-output>
          </reporter-output>
        </test-method> <!-- beforeEach -->
        <test-method is-config="true" signature="baseAfterEach(org.testng.ITestResult)[pri:0, instance:tests.HomePageTest@d21a74c]" started-at="2025-09-08T10:38:20 IST" name="baseAfterEach" finished-at="2025-09-08T10:38:20 IST" duration-ms="0" status="PASS">
          <params>
            <param index="0">
              <value>
                <![CDATA[[TestResult name=shouldSelectAndClearEachVendorInOnePass status=SUCCESS method=HomePageTest.shouldSelectAndClearEachVendorInOnePass()[pri:0, instance:tests.HomePageTest@d21a74c] output={null}]]]>
              </value>
            </param>
          </params>
          <reporter-output>
          </reporter-output>
        </test-method> <!-- baseAfterEach -->
        <test-method signature="shouldSortCatalogAndCaptureShots()[pri:0, instance:tests.HomePageTest@d21a74c]" started-at="2025-09-08T10:38:20 IST" name="shouldSortCatalogAndCaptureShots" description="Sort products via dropdown and capture screenshots" finished-at="2025-09-08T10:38:24 IST" depends-on-methods="tests.HomePageTest.shouldLoadCatalogAndListProducts" duration-ms="4489" status="PASS">
          <reporter-output>
          </reporter-output>
        </test-method> <!-- shouldSortCatalogAndCaptureShots -->
        <test-method is-config="true" signature="beforeEach(java.lang.reflect.Method)[pri:0, instance:tests.HomePageTest@d21a74c]" started-at="2025-09-08T10:38:20 IST" name="beforeEach" finished-at="2025-09-08T10:38:20 IST" duration-ms="0" status="PASS">
          <params>
            <param index="0">
              <value>
                <![CDATA[public void tests.HomePageTest.shouldSortCatalogAndCaptureShots() throws java.lang.InterruptedException]]>
              </value>
            </param>
          </params>
          <reporter-output>
          </reporter-output>
        </test-method> <!-- beforeEach -->
        <test-method is-config="true" signature="baseAfterEach(org.testng.ITestResult)[pri:0, instance:tests.HomePageTest@d21a74c]" started-at="2025-09-08T10:38:24 IST" name="baseAfterEach" finished-at="2025-09-08T10:38:24 IST" duration-ms="0" status="PASS">
          <params>
            <param index="0">
              <value>
                <![CDATA[[TestResult name=shouldSortCatalogAndCaptureShots status=SUCCESS method=HomePageTest.shouldSortCatalogAndCaptureShots()[pri:0, instance:tests.HomePageTest@d21a74c] output={null}]]]>
              </value>
            </param>
          </params>
          <reporter-output>
          </reporter-output>
        </test-method> <!-- baseAfterEach -->
        <test-method is-config="true" signature="baseTeardown()[pri:0, instance:tests.HomePageTest@d21a74c]" started-at="2025-09-08T10:38:24 IST" name="baseTeardown" finished-at="2025-09-08T10:38:25 IST" duration-ms="192" status="PASS">
          <reporter-output>
          </reporter-output>
        </test-method> <!-- baseTeardown -->
      </class> <!-- tests.HomePageTest -->
      <class name="tests.CartTest">
        <test-method is-config="true" signature="baseSetup(java.lang.String)[pri:0, instance:tests.CartTest@117e949d]" started-at="2025-09-08T10:36:29 IST" name="baseSetup" finished-at="2025-09-08T10:36:31 IST" duration-ms="2462" status="PASS">
          <params>
            <param index="0">
              <value>
                <![CDATA[C:/Users/mirut/Capstone-Project-workspace/BstackDemoAutomation/src/main/resources]]>
              </value>
            </param>
          </params>
          <reporter-output>
          </reporter-output>
        </test-method> <!-- baseSetup -->
        <test-method is-config="true" signature="beforeEach(java.lang.reflect.Method)[pri:0, instance:tests.CartTest@117e949d]" started-at="2025-09-08T10:36:31 IST" name="beforeEach" finished-at="2025-09-08T10:36:31 IST" duration-ms="1" status="PASS">
          <params>
            <param index="0">
              <value>
                <![CDATA[public void tests.CartTest.testLoginAndOpenCart() throws java.lang.Exception]]>
              </value>
            </param>
          </params>
          <reporter-output>
          </reporter-output>
        </test-method> <!-- beforeEach -->
        <test-method signature="testLoginAndOpenCart()[pri:1, instance:tests.CartTest@117e949d]" started-at="2025-09-08T10:36:31 IST" name="testLoginAndOpenCart" finished-at="2025-09-08T10:36:41 IST" duration-ms="9881" status="PASS">
          <reporter-output>
          </reporter-output>
        </test-method> <!-- testLoginAndOpenCart -->
        <test-method is-config="true" signature="baseAfterEach(org.testng.ITestResult)[pri:0, instance:tests.CartTest@117e949d]" started-at="2025-09-08T10:36:41 IST" name="baseAfterEach" finished-at="2025-09-08T10:36:41 IST" duration-ms="1" status="PASS">
          <params>
            <param index="0">
              <value>
                <![CDATA[[TestResult name=testLoginAndOpenCart status=SUCCESS method=CartTest.testLoginAndOpenCart()[pri:1, instance:tests.CartTest@117e949d] output={null}]]]>
              </value>
            </param>
          </params>
          <reporter-output>
          </reporter-output>
        </test-method> <!-- baseAfterEach -->
        <test-method is-config="true" signature="beforeEach(java.lang.reflect.Method)[pri:0, instance:tests.CartTest@117e949d]" started-at="2025-09-08T10:36:41 IST" name="beforeEach" finished-at="2025-09-08T10:36:41 IST" duration-ms="1" status="PASS">
          <params>
            <param index="0">
              <value>
                <![CDATA[public void tests.CartTest.testAddItemAndAssertQuantity() throws java.lang.Exception]]>
              </value>
            </param>
          </params>
          <reporter-output>
          </reporter-output>
        </test-method> <!-- beforeEach -->
        <test-method signature="testAddItemAndAssertQuantity()[pri:2, instance:tests.CartTest@117e949d]" started-at="2025-09-08T10:36:41 IST" name="testAddItemAndAssertQuantity" finished-at="2025-09-08T10:36:47 IST" depends-on-methods="tests.CartTest.testLoginAndOpenCart" duration-ms="5326" status="PASS">
          <reporter-output>
          </reporter-output>
        </test-method> <!-- testAddItemAndAssertQuantity -->
        <test-method is-config="true" signature="baseAfterEach(org.testng.ITestResult)[pri:0, instance:tests.CartTest@117e949d]" started-at="2025-09-08T10:36:47 IST" name="baseAfterEach" finished-at="2025-09-08T10:36:47 IST" duration-ms="1" status="PASS">
          <params>
            <param index="0">
              <value>
                <![CDATA[[TestResult name=testAddItemAndAssertQuantity status=SUCCESS method=CartTest.testAddItemAndAssertQuantity()[pri:2, instance:tests.CartTest@117e949d] output={null}]]]>
              </value>
            </param>
          </params>
          <reporter-output>
          </reporter-output>
        </test-method> <!-- baseAfterEach -->
        <test-method is-config="true" signature="beforeEach(java.lang.reflect.Method)[pri:0, instance:tests.CartTest@117e949d]" started-at="2025-09-08T10:36:47 IST" name="beforeEach" finished-at="2025-09-08T10:36:47 IST" duration-ms="1" status="PASS">
          <params>
            <param index="0">
              <value>
                <![CDATA[public void tests.CartTest.testProceedToCheckout() throws java.lang.Exception]]>
              </value>
            </param>
          </params>
          <reporter-output>
          </reporter-output>
        </test-method> <!-- beforeEach -->
        <test-method signature="testProceedToCheckout()[pri:3, instance:tests.CartTest@117e949d]" started-at="2025-09-08T10:36:47 IST" name="testProceedToCheckout" finished-at="2025-09-08T10:36:52 IST" depends-on-methods="tests.CartTest.testAddItemAndAssertQuantity" duration-ms="5770" status="PASS">
          <reporter-output>
          </reporter-output>
        </test-method> <!-- testProceedToCheckout -->
        <test-method is-config="true" signature="baseAfterEach(org.testng.ITestResult)[pri:0, instance:tests.CartTest@117e949d]" started-at="2025-09-08T10:36:52 IST" name="baseAfterEach" finished-at="2025-09-08T10:36:52 IST" duration-ms="1" status="PASS">
          <params>
            <param index="0">
              <value>
                <![CDATA[[TestResult name=testProceedToCheckout status=SUCCESS method=CartTest.testProceedToCheckout()[pri:3, instance:tests.CartTest@117e949d] output={null}]]]>
              </value>
            </param>
          </params>
          <reporter-output>
          </reporter-output>
        </test-method> <!-- baseAfterEach -->
        <test-method is-config="true" signature="baseTeardown()[pri:0, instance:tests.CartTest@117e949d]" started-at="2025-09-08T10:36:52 IST" name="baseTeardown" finished-at="2025-09-08T10:36:53 IST" duration-ms="223" status="PASS">
          <reporter-output>
          </reporter-output>
        </test-method> <!-- baseTeardown -->
      </class> <!-- tests.CartTest -->
      <class name="runners.TestRunner">
        <test-method is-config="true" signature="setUpClass(org.testng.ITestContext)[pri:0, instance:runners.TestRunner@7748410a]" started-at="2025-09-08T10:39:04 IST" name="setUpClass" finished-at="2025-09-08T10:39:05 IST" duration-ms="1436" status="PASS">
          <params>
            <param index="0">
              <value>
                <![CDATA[org.testng.TestRunner@1c31de5d]]>
              </value>
            </param>
          </params>
          <reporter-output>
          </reporter-output>
        </test-method> <!-- setUpClass -->
        <test-method signature="runScenario(io.cucumber.testng.PickleWrapper,io.cucumber.testng.FeatureWrapper)[pri:0, instance:runners.TestRunner@7748410a]" started-at="2025-09-08T10:39:05 IST" name="runScenario" description="Runs Cucumber Scenarios" data-provider="scenarios" finished-at="2025-09-08T10:39:07 IST" duration-ms="2062" status="PASS">
          <params>
            <param index="0">
              <value>
                <![CDATA["Open login page"]]>
              </value>
            </param>
            <param index="1">
              <value>
                <![CDATA["Login (smoke)"]]>
              </value>
            </param>
          </params>
          <reporter-output>
          </reporter-output>
        </test-method> <!-- runScenario -->
        <test-method signature="runScenario(io.cucumber.testng.PickleWrapper,io.cucumber.testng.FeatureWrapper)[pri:0, instance:runners.TestRunner@7748410a]" started-at="2025-09-08T10:39:07 IST" name="runScenario" description="Runs Cucumber Scenarios" data-provider="scenarios" finished-at="2025-09-08T10:39:09 IST" duration-ms="1535" status="PASS">
          <params>
            <param index="0">
              <value>
                <![CDATA["Valid login"]]>
              </value>
            </param>
            <param index="1">
              <value>
                <![CDATA["Login (smoke)"]]>
              </value>
            </param>
          </params>
          <reporter-output>
          </reporter-output>
        </test-method> <!-- runScenario -->
        <test-method is-config="true" signature="tearDownClass()[pri:0, instance:runners.TestRunner@7748410a]" started-at="2025-09-08T10:39:09 IST" name="tearDownClass" finished-at="2025-09-08T10:39:09 IST" duration-ms="195" status="PASS">
          <reporter-output>
          </reporter-output>
        </test-method> <!-- tearDownClass -->
      </class> <!-- runners.TestRunner -->
      <class name="tests.OrderConfirmationTest">
        <test-method is-config="true" signature="baseSetup(java.lang.String)[pri:0, instance:tests.OrderConfirmationTest@7c83dc97]" started-at="2025-09-08T10:38:47 IST" name="baseSetup" finished-at="2025-09-08T10:38:48 IST" duration-ms="981" status="PASS">
          <params>
            <param index="0">
              <value>
                <![CDATA[C:/Users/mirut/Capstone-Project-workspace/BstackDemoAutomation/src/main/resources]]>
              </value>
            </param>
          </params>
          <reporter-output>
          </reporter-output>
        </test-method> <!-- baseSetup -->
        <test-method signature="addItemOpenCartAndAssertQty()[pri:1, instance:tests.OrderConfirmationTest@7c83dc97]" started-at="2025-09-08T10:38:48 IST" name="addItemOpenCartAndAssertQty" finished-at="2025-09-08T10:38:57 IST" duration-ms="9412" status="PASS">
          <reporter-output>
          </reporter-output>
        </test-method> <!-- addItemOpenCartAndAssertQty -->
        <test-method is-config="true" signature="beforeEach(java.lang.reflect.Method)[pri:0, instance:tests.OrderConfirmationTest@7c83dc97]" started-at="2025-09-08T10:38:48 IST" name="beforeEach" finished-at="2025-09-08T10:38:48 IST" duration-ms="0" status="PASS">
          <params>
            <param index="0">
              <value>
                <![CDATA[public void tests.OrderConfirmationTest.addItemOpenCartAndAssertQty() throws java.lang.Exception]]>
              </value>
            </param>
          </params>
          <reporter-output>
          </reporter-output>
        </test-method> <!-- beforeEach -->
        <test-method is-config="true" signature="baseAfterEach(org.testng.ITestResult)[pri:0, instance:tests.OrderConfirmationTest@7c83dc97]" started-at="2025-09-08T10:38:57 IST" name="baseAfterEach" finished-at="2025-09-08T10:38:57 IST" duration-ms="1" status="PASS">
          <params>
            <param index="0">
              <value>
                <![CDATA[[TestResult name=addItemOpenCartAndAssertQty status=SUCCESS method=OrderConfirmationTest.addItemOpenCartAndAssertQty()[pri:1, instance:tests.OrderConfirmationTest@7c83dc97] output={null}]]]>
              </value>
            </param>
          </params>
          <reporter-output>
          </reporter-output>
        </test-method> <!-- baseAfterEach -->
        <test-method is-config="true" signature="beforeEach(java.lang.reflect.Method)[pri:0, instance:tests.OrderConfirmationTest@7c83dc97]" started-at="2025-09-08T10:38:57 IST" name="beforeEach" finished-at="2025-09-08T10:38:57 IST" duration-ms="1" status="PASS">
          <params>
            <param index="0">
              <value>
                <![CDATA[public void tests.OrderConfirmationTest.proceedToCheckoutAndFillAddress() throws java.lang.Exception]]>
              </value>
            </param>
          </params>
          <reporter-output>
          </reporter-output>
        </test-method> <!-- beforeEach -->
        <test-method signature="proceedToCheckoutAndFillAddress()[pri:2, instance:tests.OrderConfirmationTest@7c83dc97]" started-at="2025-09-08T10:38:57 IST" name="proceedToCheckoutAndFillAddress" finished-at="2025-09-08T10:39:03 IST" depends-on-methods="tests.OrderConfirmationTest.addItemOpenCartAndAssertQty" duration-ms="5994" status="PASS">
          <reporter-output>
          </reporter-output>
        </test-method> <!-- proceedToCheckoutAndFillAddress -->
        <test-method signature="assertConfirmationAndDownloadReceipt()[pri:3, instance:tests.OrderConfirmationTest@7c83dc97]" started-at="2025-09-08T10:39:03 IST" name="assertConfirmationAndDownloadReceipt" finished-at="2025-09-08T10:39:04 IST" depends-on-methods="tests.OrderConfirmationTest.proceedToCheckoutAndFillAddress" duration-ms="325" status="PASS">
          <reporter-output>
          </reporter-output>
        </test-method> <!-- assertConfirmationAndDownloadReceipt -->
        <test-method is-config="true" signature="baseAfterEach(org.testng.ITestResult)[pri:0, instance:tests.OrderConfirmationTest@7c83dc97]" started-at="2025-09-08T10:39:03 IST" name="baseAfterEach" finished-at="2025-09-08T10:39:03 IST" duration-ms="0" status="PASS">
          <params>
            <param index="0">
              <value>
                <![CDATA[[TestResult name=proceedToCheckoutAndFillAddress status=SUCCESS method=OrderConfirmationTest.proceedToCheckoutAndFillAddress()[pri:2, instance:tests.OrderConfirmationTest@7c83dc97] output={null}]]]>
              </value>
            </param>
          </params>
          <reporter-output>
          </reporter-output>
        </test-method> <!-- baseAfterEach -->
        <test-method is-config="true" signature="beforeEach(java.lang.reflect.Method)[pri:0, instance:tests.OrderConfirmationTest@7c83dc97]" started-at="2025-09-08T10:39:03 IST" name="beforeEach" finished-at="2025-09-08T10:39:03 IST" duration-ms="0" status="PASS">
          <params>
            <param index="0">
              <value>
                <![CDATA[public void tests.OrderConfirmationTest.assertConfirmationAndDownloadReceipt() throws java.lang.Exception]]>
              </value>
            </param>
          </params>
          <reporter-output>
          </reporter-output>
        </test-method> <!-- beforeEach -->
        <test-method is-config="true" signature="baseAfterEach(org.testng.ITestResult)[pri:0, instance:tests.OrderConfirmationTest@7c83dc97]" started-at="2025-09-08T10:39:04 IST" name="baseAfterEach" finished-at="2025-09-08T10:39:04 IST" duration-ms="1" status="PASS">
          <params>
            <param index="0">
              <value>
                <![CDATA[[TestResult name=assertConfirmationAndDownloadReceipt status=SUCCESS method=OrderConfirmationTest.assertConfirmationAndDownloadReceipt()[pri:3, instance:tests.OrderConfirmationTest@7c83dc97] output={null}]]]>
              </value>
            </param>
          </params>
          <reporter-output>
          </reporter-output>
        </test-method> <!-- baseAfterEach -->
        <test-method is-config="true" signature="baseTeardown()[pri:0, instance:tests.OrderConfirmationTest@7c83dc97]" started-at="2025-09-08T10:39:04 IST" name="baseTeardown" finished-at="2025-09-08T10:39:04 IST" duration-ms="215" status="PASS">
          <reporter-output>
          </reporter-output>
        </test-method> <!-- baseTeardown -->
      </class> <!-- tests.OrderConfirmationTest -->
    </test> <!-- All Tests -->
  </suite> <!-- BstackDemoAutomation Suite -->
</testng-results>
